<?xml version="1.0" encoding="UTF-8"?>
<!-- Generated by org.testng.reporters.JUnitXMLReporter -->
<testsuite ignored="0" hostname="szirtesszilvia" failures="1" tests="6" name="Surefire test" time="10.333" errors="0" timestamp="2025-05-18T16:07:55 CEST">
  <testcase classname="com.example.sandbox.getPet.petDetailTest" name="Test1" time="5.142"/>
  <testcase classname="com.example.sandbox.getPetList.petListTest" name="Test1" time="1.2"/>
  <testcase classname="com.example.sandbox.getPetList.petListTest" name="Test2" time="1.223"/>
  <testcase classname="com.example.sandbox.postNewPet.postNewPetTest" name="Test1" time="0.157"/>
  <testcase classname="com.example.sandbox.postNewPet.postNewPetTest" name="postPetTest_withNonExistentStatus" time="1.294">
    <failure type="java.lang.AssertionError" message="expected:&amp;lt;200&amp;gt; but was:&amp;lt;400&amp;gt;">
      <![CDATA[java.lang.AssertionError: expected:<200> but was:<400>
at org.junit.Assert.fail(Assert.java:88)
at org.junit.Assert.failNotEquals(Assert.java:834)
at org.junit.Assert.assertEquals(Assert.java:118)
at org.junit.Assert.assertEquals(Assert.java:144)
at com.example.sandbox.util.Assertions.assertReturnCode(Assertions.java:9)
at com.example.sandbox.postNewPet.postNewPetTest.postPetTest_withNonExistentStatus(postNewPetTest.java:77)
at java.base/java.util.ArrayList.forEach(ArrayList.java:1511)
... Removed 32 stack frames]]>
    </failure>
  </testcase> <!-- postPetTest_withNonExistentStatus -->
  <testcase classname="com.example.sandbox.postNewPet.postNewPetTest" name="postPetTest_withValidData" time="0.833"/>
</testsuite> <!-- Surefire test -->
