<?xml version="1.0" encoding="UTF-8"?>
<testsuite xmlns:xsi="http://www.w3.org/2001/XMLSchema-instance" xsi:noNamespaceSchemaLocation="https://maven.apache.org/surefire/maven-surefire-plugin/xsd/surefire-test-report.xsd" name="TestSuite" time="10.918" tests="6" errors="0" skipped="0" failures="1">
  <properties>
[...]
</properties>
  <testcase name="Test1" classname="com.example.sandbox.getPet.petDetailTest" time="4.802"/>
  <testcase name="Test1" classname="com.example.sandbox.getPetList.petListTest" time="1.474"/>
  <testcase name="Test2" classname="com.example.sandbox.getPetList.petListTest" time="1.462"/>
  <testcase name="Test1" classname="com.example.sandbox.postNewPet.postNewPetTest" time="0"/>
  <testcase name="postPetTest_withNonExistentStatus" classname="com.example.sandbox.postNewPet.postNewPetTest" time="1.104">
    <failure message="expected:&lt;200&gt; but was:&lt;400&gt;" type="java.lang.AssertionError"><![CDATA[java.lang.AssertionError: expected:<200> but was:<400>
	at com.example.sandbox.postNewPet.postNewPetTest.postPetTest_withNonExistentStatus(postNewPetTest.java:77)
]]></failure>
    <system-out><![CDATA[INFO  14:07:54 
@  @  @  @  @   REQUEST @  @  @  @  @  
Request method:	POST
Request URI:	https://petstore.swagger.io/v2/pet
Query params:	<none>
Request params:	<none>
Form params:	<none>
Path params:	<none>
Headers:		Accept=*/*
				Content-Type=application/json; charset=UTF-8
--------------------------------------------------------------------------------------
Cookies:		<none>
Multiparts:		<none>
--------------------------------------------------------------------------------------
Request Body: 	
{
  "id": 45,
  "category": {
    "id": 59,
    "name": "CategoryName"
  },
  "photoUrls": [],
  "tags": [
    {
      "id": 64,
      "name": "TagName"
    }
  ],
  "status": "STATUS"
}
?  ?  ?  ?  ?   End Of Request ?  ?  ?  ?  ?  
INFO  14:07:54 
*  *  *   RESPONSE *  *  *  
Response Status:		200
Response Time:			771 MS
Response Status Line:	HTTP/1.1 200 OK
Response Headers:
				Date=Sun, 18 May 2025 14:07:54 GMT
				Content-Type=application/json
				Transfer-Encoding=chunked
				Connection=keep-alive
				Access-Control-Allow-Origin=*
				Access-Control-Allow-Methods=GET, POST, DELETE, PUT
				Access-Control-Allow-Headers=Content-Type, api_key, Authorization
				Server=Jetty(9.2.9.v20150224)
Response Cookies:
				<none>
--------------------------------------------------------------------------------------
Response Body: 
INFO  14:07:54  
{
    "id": 45,
    "category": {
        "id": 59,
        "name": "CategoryName"
    },
    "photoUrls": [
        
    ],
    "tags": [
        {
            "id": 64,
            "name": "TagName"
        }
    ],
    "status": "STATUS"
}
???  ???  ???   End of Response ???  ???  ???  
]]></system-out>
  </testcase>
  <testcase name="postPetTest_withValidData" classname="com.example.sandbox.postNewPet.postNewPetTest" time="0.782"/>
</testsuite>