-------------------------------------------------------------------------------
Test set: TestSuite
-------------------------------------------------------------------------------
Tests run: 6, Failures: 1, Errors: 0, Skipped: 0, Time elapsed: 10.918 s <<< FAILURE! - in TestSuite
postPetTest_withNonExistentStatus(com.example.sandbox.postNewPet.postNewPetTest)  Time elapsed: 1.104 s  <<< FAILURE!
java.lang.AssertionError: expected:<200> but was:<400>
	at com.example.sandbox.postNewPet.postNewPetTest.postPetTest_withNonExistentStatus(postNewPetTest.java:77)

